  Point.c
  PointListMain.c
C:\Users\qzxy8\Desktop\Point.h\Point.h\PointListMain.c(15,21): warning C4047: '함수': 'LData'의 간접 참조 수준이 'Point *'과(와) 다릅니다.
C:\Users\qzxy8\Desktop\Point.h\Point.h\PointListMain.c(15,21): warning C4024: 'LInsert': 형식 및 실제 매개 변수 2의 형식이 서로 다릅니다.
C:\Users\qzxy8\Desktop\Point.h\Point.h\PointListMain.c(19,21): warning C4047: '함수': 'LData'의 간접 참조 수준이 'Point *'과(와) 다릅니다.
C:\Users\qzxy8\Desktop\Point.h\Point.h\PointListMain.c(19,21): warning C4024: 'LInsert': 형식 및 실제 매개 변수 2의 형식이 서로 다릅니다.
C:\Users\qzxy8\Desktop\Point.h\Point.h\PointListMain.c(23,21): warning C4047: '함수': 'LData'의 간접 참조 수준이 'Point *'과(와) 다릅니다.
C:\Users\qzxy8\Desktop\Point.h\Point.h\PointListMain.c(23,21): warning C4024: 'LInsert': 형식 및 실제 매개 변수 2의 형식이 서로 다릅니다.
C:\Users\qzxy8\Desktop\Point.h\Point.h\PointListMain.c(27,21): warning C4047: '함수': 'LData'의 간접 참조 수준이 'Point *'과(와) 다릅니다.
C:\Users\qzxy8\Desktop\Point.h\Point.h\PointListMain.c(27,21): warning C4024: 'LInsert': 형식 및 실제 매개 변수 2의 형식이 서로 다릅니다.
C:\Users\qzxy8\Desktop\Point.h\Point.h\PointListMain.c(31,25): warning C4047: '함수': 'LData *'의 간접 참조 수준이 'Point **'과(와) 다릅니다.
C:\Users\qzxy8\Desktop\Point.h\Point.h\PointListMain.c(31,25): warning C4024: 'LFirst': 형식 및 실제 매개 변수 2의 형식이 서로 다릅니다.
C:\Users\qzxy8\Desktop\Point.h\Point.h\PointListMain.c(34,28): warning C4047: '함수': 'LData *'의 간접 참조 수준이 'Point **'과(와) 다릅니다.
C:\Users\qzxy8\Desktop\Point.h\Point.h\PointListMain.c(34,28): warning C4024: 'LNext': 형식 및 실제 매개 변수 2의 형식이 서로 다릅니다.
C:\Users\qzxy8\Desktop\Point.h\Point.h\PointListMain.c(42,25): warning C4047: '함수': 'LData *'의 간접 참조 수준이 'Point **'과(와) 다릅니다.
C:\Users\qzxy8\Desktop\Point.h\Point.h\PointListMain.c(42,25): warning C4024: 'LFirst': 형식 및 실제 매개 변수 2의 형식이 서로 다릅니다.
C:\Users\qzxy8\Desktop\Point.h\Point.h\PointListMain.c(44,25): warning C4047: '=': 'Point *'의 간접 참조 수준이 'LData'과(와) 다릅니다.
C:\Users\qzxy8\Desktop\Point.h\Point.h\PointListMain.c(47,28): warning C4047: '함수': 'LData *'의 간접 참조 수준이 'Point **'과(와) 다릅니다.
C:\Users\qzxy8\Desktop\Point.h\Point.h\PointListMain.c(47,28): warning C4024: 'LNext': 형식 및 실제 매개 변수 2의 형식이 서로 다릅니다.
C:\Users\qzxy8\Desktop\Point.h\Point.h\PointListMain.c(49,26): warning C4047: '=': 'Point *'의 간접 참조 수준이 'LData'과(와) 다릅니다.
C:\Users\qzxy8\Desktop\Point.h\Point.h\PointListMain.c(56,25): warning C4047: '함수': 'LData *'의 간접 참조 수준이 'Point **'과(와) 다릅니다.
C:\Users\qzxy8\Desktop\Point.h\Point.h\PointListMain.c(56,25): warning C4024: 'LFirst': 형식 및 실제 매개 변수 2의 형식이 서로 다릅니다.
C:\Users\qzxy8\Desktop\Point.h\Point.h\PointListMain.c(59,28): warning C4047: '함수': 'LData *'의 간접 참조 수준이 'Point **'과(와) 다릅니다.
C:\Users\qzxy8\Desktop\Point.h\Point.h\PointListMain.c(59,28): warning C4024: 'LNext': 형식 및 실제 매개 변수 2의 형식이 서로 다릅니다.
  코드를 생성하고 있습니다...
PointListMain.obj : error LNK2019: _ListInit_main 함수에서 참조되는 확인할 수 없는 외부 기호
PointListMain.obj : error LNK2019: _LInsert_main 함수에서 참조되는 확인할 수 없는 외부 기호
PointListMain.obj : error LNK2019: _LFirst_main 함수에서 참조되는 확인할 수 없는 외부 기호
PointListMain.obj : error LNK2019: _LNext_main 함수에서 참조되는 확인할 수 없는 외부 기호
PointListMain.obj : error LNK2019: _LRemove_main 함수에서 참조되는 확인할 수 없는 외부 기호
PointListMain.obj : error LNK2019: _LCount_main 함수에서 참조되는 확인할 수 없는 외부 기호
C:\Users\qzxy8\Desktop\Point.h\Debug\Point.h.exe : fatal error LNK1120: 6개의 확인할 수 없는 외부 참조입니다.
